<?xml version="1.0" encoding="UTF-8"?>
<!-- Generated by org.testng.reporters.JUnitReportReporter -->
<testsuite hostname="DESKTOP-FADL0SF" failures="0" tests="1" name="com.Keyword_Driven_Framework.qa.Driver_Script" time="0.686" errors="0" timestamp="2023-02-22T18:28:51 IST" skipped="0">
  <testcase classname="com.Keyword_Driven_Framework.qa.Driver_Script" name="mainss" time="0.686"/>
  <system-out/>
</testsuite> <!-- com.Keyword_Driven_Framework.qa.Driver_Script -->
