<?xml version="1.0" encoding="UTF-8"?>
<!-- Generated by org.testng.reporters.JUnitReportReporter -->
<testsuite hostname="DESKTOP-FADL0SF" failures="0" tests="1" name="com.Keyword_Driven_Framework.qa.DriverScript" time="0.665" errors="0" timestamp="2023-02-22T18:36:21 IST" skipped="0">
  <testcase classname="com.Keyword_Driven_Framework.qa.DriverScript" name="mains" time="0.665"/>
  <system-out/>
</testsuite> <!-- com.Keyword_Driven_Framework.qa.DriverScript -->
